<?xml version="1.0" encoding="UTF-8"?>
<!-- Generated by org.testng.reporters.JUnitReportReporter -->
<testsuite hostname="DESKTOP-CHV52S0" failures="0" tests="4" name="NaveenAutomationTestNG.TestNgFeatures" time="0.003" errors="0" timestamp="2019-11-25T16:33:52 CST" skipped="0">
  <testcase classname="NaveenAutomationTestNG.TestNgFeatures" name="RegPageTest" time="0.001"/>
  <testcase classname="NaveenAutomationTestNG.TestNgFeatures" name="SearchPageTest" time="0.000"/>
  <testcase classname="NaveenAutomationTestNG.TestNgFeatures" name="HomePageTest" time="0.001"/>
  <testcase classname="NaveenAutomationTestNG.TestNgFeatures" name="loginTest" time="0.001"/>
</testsuite> <!-- NaveenAutomationTestNG.TestNgFeatures -->
