<?xml version="1.0" encoding="UTF-8"?>
<!-- Generated by org.testng.reporters.JUnitReportReporter -->
<testsuite hostname="DESKTOP-CHV52S0" failures="0" tests="1" name="NaveenAutomationTestNG.ExceptionTimeOutTest" time="0.005" errors="0" timestamp="2019-11-25T16:33:52 CST" skipped="0">
  <testcase classname="NaveenAutomationTestNG.ExceptionTimeOutTest" name="test1" time="0.005"/>
</testsuite> <!-- NaveenAutomationTestNG.ExceptionTimeOutTest -->
