<?xml version="1.0" encoding="UTF-8"?>
<!-- Generated by org.testng.reporters.JUnitReportReporter -->
<testsuite hostname="DESKTOP-CHV52S0" failures="0" tests="3" name="NaveenAutomationTestNG.TestNGBasicFirstTutorial" time="0.005" errors="0" timestamp="2019-11-25T16:33:52 CST" skipped="0">
  <testcase classname="NaveenAutomationTestNG.TestNGBasicFirstTutorial" name="googleTitleTest" time="0.002"/>
  <testcase classname="NaveenAutomationTestNG.TestNGBasicFirstTutorial" name="searchTest" time="0.001"/>
  <testcase classname="NaveenAutomationTestNG.TestNGBasicFirstTutorial" name="googleLogo" time="0.002"/>
</testsuite> <!-- NaveenAutomationTestNG.TestNGBasicFirstTutorial -->
