<?xml version="1.0" encoding="UTF-8"?>
<!-- Generated by org.testng.reporters.JUnitReportReporter -->
<testsuite hostname="DESKTOP-CHV52S0" failures="0" tests="10" name="NaveenAutomationTestNG.InvocationCountTest" time="0.009" errors="0" timestamp="2019-11-25T16:33:52 CST" skipped="0">
  <testcase classname="NaveenAutomationTestNG.InvocationCountTest" name="sum" time="0.001"/>
  <testcase classname="NaveenAutomationTestNG.InvocationCountTest" name="sum" time="0.001"/>
  <testcase classname="NaveenAutomationTestNG.InvocationCountTest" name="sum" time="0.001"/>
  <testcase classname="NaveenAutomationTestNG.InvocationCountTest" name="sum" time="0.001"/>
  <testcase classname="NaveenAutomationTestNG.InvocationCountTest" name="sum" time="0.001"/>
  <testcase classname="NaveenAutomationTestNG.InvocationCountTest" name="sum" time="0.001"/>
  <testcase classname="NaveenAutomationTestNG.InvocationCountTest" name="sum" time="0.001"/>
  <testcase classname="NaveenAutomationTestNG.InvocationCountTest" name="sum" time="0.001"/>
  <testcase classname="NaveenAutomationTestNG.InvocationCountTest" name="sum" time="0.001"/>
  <testcase classname="NaveenAutomationTestNG.InvocationCountTest" name="sum" time="0.000"/>
</testsuite> <!-- NaveenAutomationTestNG.InvocationCountTest -->
