<?xml version="1.0" encoding="UTF-8"?>
<!-- Generated by org.testng.reporters.JUnitReportReporter -->
<testsuite hostname="DESKTOP-CHV52S0" failures="0" tests="5" name="NaveenAutomationTestNG.TestNGFrameworkGoogle" time="23.366" errors="0" timestamp="2019-11-25T16:33:52 CST" skipped="0">
  <testcase classname="NaveenAutomationTestNG.TestNGFrameworkGoogle" name="googleMailTest" time="5.103"/>
  <testcase classname="NaveenAutomationTestNG.TestNGFrameworkGoogle" name="googleTitleTest" time="4.446"/>
  <testcase classname="NaveenAutomationTestNG.TestNGFrameworkGoogle" name="googleLogo" time="4.466"/>
  <testcase classname="NaveenAutomationTestNG.TestNGFrameworkGoogle" name="testCheck1" time="4.533"/>
  <testcase classname="NaveenAutomationTestNG.TestNGFrameworkGoogle" name="testCheck2" time="4.818"/>
</testsuite> <!-- NaveenAutomationTestNG.TestNGFrameworkGoogle -->
