<?xml version="1.0" encoding="UTF-8"?>
<!-- Generated by org.testng.reporters.JUnitReportReporter -->
<testsuite hostname="DESKTOP-CHV52S0" failures="0" tests="1" name="parameter.ParameterTest" time="6.274" errors="0" timestamp="2019-11-28T00:34:23 CST" skipped="0">
  <testcase classname="parameter.ParameterTest" name="yahooLoginTest" time="6.274"/>
</testsuite> <!-- parameter.ParameterTest -->
